<?xml version="1.0" encoding="UTF-8"?>
<testsuite xmlns:xsi="http://www.w3.org/2001/XMLSchema-instance" xsi:noNamespaceSchemaLocation="https://maven.apache.org/surefire/maven-surefire-plugin/xsd/surefire-test-report-3.0.xsd" version="3.0" name="com.udacity.image.AppTest" time="0.033" tests="1" errors="0" skipped="0" failures="0">
  <properties>
    <property name="sun.desktop" value="gnome"/>
    <property name="awt.toolkit" value="sun.awt.X11.XToolkit"/>
    <property name="java.specification.version" value="11"/>
    <property name="sun.cpu.isalist" value=""/>
    <property name="sun.jnu.encoding" value="UTF-8"/>
    <property name="java.class.path" value="/home/ratankadirikota/code/UdaSecurity/Image/target/test-classes:/home/ratankadirikota/.m2/repository/junit/junit/4.11/junit-4.11.jar:/home/ratankadirikota/.m2/repository/org/hamcrest/hamcrest-core/1.3/hamcrest-core-1.3.jar:/home/ratankadirikota/.m2/repository/software/amazon/awssdk/annotations/2.15.0/annotations-2.15.0.jar:/home/ratankadirikota/.m2/repository/software/amazon/awssdk/utils/2.15.0/utils-2.15.0.jar:/home/ratankadirikota/.m2/repository/org/reactivestreams/reactive-streams/1.0.2/reactive-streams-1.0.2.jar:/home/ratankadirikota/.m2/repository/com/fasterxml/jackson/core/jackson-core/2.10.4/jackson-core-2.10.4.jar:/home/ratankadirikota/.m2/repository/com/fasterxml/jackson/core/jackson-annotations/2.10.4/jackson-annotations-2.10.4.jar:/home/ratankadirikota/.m2/repository/software/amazon/awssdk/profiles/2.15.0/profiles-2.15.0.jar:/home/ratankadirikota/.m2/repository/software/amazon/awssdk/http-client-spi/2.15.0/http-client-spi-2.15.0.jar:/home/ratankadirikota/.m2/repository/com/fasterxml/jackson/core/jackson-databind/2.10.4/jackson-databind-2.10.4.jar:/home/ratankadirikota/.m2/repository/software/amazon/eventstream/eventstream/1.0.1/eventstream-1.0.1.jar:/home/ratankadirikota/.m2/repository/software/amazon/awssdk/aws-json-protocol/2.15.0/aws-json-protocol-2.15.0.jar:/home/ratankadirikota/.m2/repository/software/amazon/awssdk/protocol-core/2.15.0/protocol-core-2.15.0.jar:/home/ratankadirikota/.m2/repository/software/amazon/awssdk/aws-core/2.15.0/aws-core-2.15.0.jar:/home/ratankadirikota/.m2/repository/software/amazon/awssdk/metrics-spi/2.15.0/metrics-spi-2.15.0.jar:/home/ratankadirikota/.m2/repository/software/amazon/awssdk/apache-client/2.15.0/apache-client-2.15.0.jar:/home/ratankadirikota/.m2/repository/org/apache/httpcomponents/httpclient/4.5.9/httpclient-4.5.9.jar:/home/ratankadirikota/.m2/repository/commons-logging/commons-logging/1.2/commons-logging-1.2.jar:/home/ratankadirikota/.m2/repository/commons-codec/commons-codec/1.11/commons-codec-1.11.jar:/home/ratankadirikota/.m2/repository/org/apache/httpcomponents/httpcore/4.4.11/httpcore-4.4.11.jar:/home/ratankadirikota/.m2/repository/software/amazon/awssdk/netty-nio-client/2.15.0/netty-nio-client-2.15.0.jar:/home/ratankadirikota/.m2/repository/io/netty/netty-codec-http/4.1.46.Final/netty-codec-http-4.1.46.Final.jar:/home/ratankadirikota/.m2/repository/io/netty/netty-codec-http2/4.1.46.Final/netty-codec-http2-4.1.46.Final.jar:/home/ratankadirikota/.m2/repository/io/netty/netty-codec/4.1.46.Final/netty-codec-4.1.46.Final.jar:/home/ratankadirikota/.m2/repository/io/netty/netty-transport/4.1.46.Final/netty-transport-4.1.46.Final.jar:/home/ratankadirikota/.m2/repository/io/netty/netty-resolver/4.1.46.Final/netty-resolver-4.1.46.Final.jar:/home/ratankadirikota/.m2/repository/io/netty/netty-common/4.1.46.Final/netty-common-4.1.46.Final.jar:/home/ratankadirikota/.m2/repository/io/netty/netty-buffer/4.1.46.Final/netty-buffer-4.1.46.Final.jar:/home/ratankadirikota/.m2/repository/io/netty/netty-handler/4.1.46.Final/netty-handler-4.1.46.Final.jar:/home/ratankadirikota/.m2/repository/io/netty/netty-transport-native-epoll/4.1.46.Final/netty-transport-native-epoll-4.1.46.Final-linux-x86_64.jar:/home/ratankadirikota/.m2/repository/io/netty/netty-transport-native-unix-common/4.1.46.Final/netty-transport-native-unix-common-4.1.46.Final.jar:/home/ratankadirikota/.m2/repository/com/typesafe/netty/netty-reactive-streams-http/2.0.4/netty-reactive-streams-http-2.0.4.jar:/home/ratankadirikota/.m2/repository/com/typesafe/netty/netty-reactive-streams/2.0.4/netty-reactive-streams-2.0.4.jar:"/>
    <property name="java.vm.vendor" value="Private Build"/>
    <property name="sun.arch.data.model" value="64"/>
    <property name="java.vendor.url" value="Unknown"/>
    <property name="user.timezone" value=""/>
    <property name="java.vm.specification.version" value="11"/>
    <property name="os.name" value="Linux"/>
    <property name="sun.java.launcher" value="SUN_STANDARD"/>
    <property name="user.country" value="IN"/>
    <property name="sun.boot.library.path" value="/usr/lib/jvm/java-11-openjdk-amd64/lib"/>
    <property name="sun.java.command" value="org.apache.maven.surefire.booter.ForkedBooter /home/ratankadirikota/code/UdaSecurity/Image/target/surefire 2022-06-01T10-26-35_452-jvmRun1 surefire11212982329200837985tmp surefire_01702353141597604657tmp"/>
    <property name="jdk.debug" value="release"/>
    <property name="surefire.test.class.path" value="/home/ratankadirikota/code/UdaSecurity/Image/target/test-classes:/home/ratankadirikota/.m2/repository/junit/junit/4.11/junit-4.11.jar:/home/ratankadirikota/.m2/repository/org/hamcrest/hamcrest-core/1.3/hamcrest-core-1.3.jar:/home/ratankadirikota/.m2/repository/software/amazon/awssdk/annotations/2.15.0/annotations-2.15.0.jar:/home/ratankadirikota/.m2/repository/software/amazon/awssdk/utils/2.15.0/utils-2.15.0.jar:/home/ratankadirikota/.m2/repository/org/reactivestreams/reactive-streams/1.0.2/reactive-streams-1.0.2.jar:/home/ratankadirikota/.m2/repository/com/fasterxml/jackson/core/jackson-core/2.10.4/jackson-core-2.10.4.jar:/home/ratankadirikota/.m2/repository/com/fasterxml/jackson/core/jackson-annotations/2.10.4/jackson-annotations-2.10.4.jar:/home/ratankadirikota/.m2/repository/software/amazon/awssdk/profiles/2.15.0/profiles-2.15.0.jar:/home/ratankadirikota/.m2/repository/software/amazon/awssdk/http-client-spi/2.15.0/http-client-spi-2.15.0.jar:/home/ratankadirikota/.m2/repository/com/fasterxml/jackson/core/jackson-databind/2.10.4/jackson-databind-2.10.4.jar:/home/ratankadirikota/.m2/repository/software/amazon/eventstream/eventstream/1.0.1/eventstream-1.0.1.jar:/home/ratankadirikota/.m2/repository/software/amazon/awssdk/aws-json-protocol/2.15.0/aws-json-protocol-2.15.0.jar:/home/ratankadirikota/.m2/repository/software/amazon/awssdk/protocol-core/2.15.0/protocol-core-2.15.0.jar:/home/ratankadirikota/.m2/repository/software/amazon/awssdk/aws-core/2.15.0/aws-core-2.15.0.jar:/home/ratankadirikota/.m2/repository/software/amazon/awssdk/metrics-spi/2.15.0/metrics-spi-2.15.0.jar:/home/ratankadirikota/.m2/repository/software/amazon/awssdk/apache-client/2.15.0/apache-client-2.15.0.jar:/home/ratankadirikota/.m2/repository/org/apache/httpcomponents/httpclient/4.5.9/httpclient-4.5.9.jar:/home/ratankadirikota/.m2/repository/commons-logging/commons-logging/1.2/commons-logging-1.2.jar:/home/ratankadirikota/.m2/repository/commons-codec/commons-codec/1.11/commons-codec-1.11.jar:/home/ratankadirikota/.m2/repository/org/apache/httpcomponents/httpcore/4.4.11/httpcore-4.4.11.jar:/home/ratankadirikota/.m2/repository/software/amazon/awssdk/netty-nio-client/2.15.0/netty-nio-client-2.15.0.jar:/home/ratankadirikota/.m2/repository/io/netty/netty-codec-http/4.1.46.Final/netty-codec-http-4.1.46.Final.jar:/home/ratankadirikota/.m2/repository/io/netty/netty-codec-http2/4.1.46.Final/netty-codec-http2-4.1.46.Final.jar:/home/ratankadirikota/.m2/repository/io/netty/netty-codec/4.1.46.Final/netty-codec-4.1.46.Final.jar:/home/ratankadirikota/.m2/repository/io/netty/netty-transport/4.1.46.Final/netty-transport-4.1.46.Final.jar:/home/ratankadirikota/.m2/repository/io/netty/netty-resolver/4.1.46.Final/netty-resolver-4.1.46.Final.jar:/home/ratankadirikota/.m2/repository/io/netty/netty-common/4.1.46.Final/netty-common-4.1.46.Final.jar:/home/ratankadirikota/.m2/repository/io/netty/netty-buffer/4.1.46.Final/netty-buffer-4.1.46.Final.jar:/home/ratankadirikota/.m2/repository/io/netty/netty-handler/4.1.46.Final/netty-handler-4.1.46.Final.jar:/home/ratankadirikota/.m2/repository/io/netty/netty-transport-native-epoll/4.1.46.Final/netty-transport-native-epoll-4.1.46.Final-linux-x86_64.jar:/home/ratankadirikota/.m2/repository/io/netty/netty-transport-native-unix-common/4.1.46.Final/netty-transport-native-unix-common-4.1.46.Final.jar:/home/ratankadirikota/.m2/repository/com/typesafe/netty/netty-reactive-streams-http/2.0.4/netty-reactive-streams-http-2.0.4.jar:/home/ratankadirikota/.m2/repository/com/typesafe/netty/netty-reactive-streams/2.0.4/netty-reactive-streams-2.0.4.jar:"/>
    <property name="sun.cpu.endian" value="little"/>
    <property name="user.home" value="/home/ratankadirikota"/>
    <property name="user.language" value="en"/>
    <property name="java.specification.vendor" value="Oracle Corporation"/>
    <property name="jdk.module.path" value="/home/ratankadirikota/code/UdaSecurity/Image/target/classes:/home/ratankadirikota/.m2/repository/software/amazon/awssdk/auth/2.15.0/auth-2.15.0.jar:/home/ratankadirikota/.m2/repository/software/amazon/awssdk/sdk-core/2.15.0/sdk-core-2.15.0.jar:/home/ratankadirikota/.m2/repository/software/amazon/awssdk/regions/2.15.0/regions-2.15.0.jar:/home/ratankadirikota/.m2/repository/software/amazon/awssdk/rekognition/2.15.0/rekognition-2.15.0.jar:/home/ratankadirikota/.m2/repository/org/slf4j/slf4j-api/2.0.0-alpha7/slf4j-api-2.0.0-alpha7.jar"/>
    <property name="java.version.date" value="2022-04-19"/>
    <property name="java.home" value="/usr/lib/jvm/java-11-openjdk-amd64"/>
    <property name="file.separator" value="/"/>
    <property name="basedir" value="/home/ratankadirikota/code/UdaSecurity/Image"/>
    <property name="java.vm.compressedOopsMode" value="Zero based"/>
    <property name="line.separator" value="&#10;"/>
    <property name="java.specification.name" value="Java Platform API Specification"/>
    <property name="java.vm.specification.vendor" value="Oracle Corporation"/>
    <property name="java.awt.graphicsenv" value="sun.awt.X11GraphicsEnvironment"/>
    <property name="surefire.real.class.path" value="/home/ratankadirikota/.m2/repository/org/apache/maven/surefire/surefire-booter/3.0.0-M5/surefire-booter-3.0.0-M5.jar:/home/ratankadirikota/.m2/repository/org/apache/maven/surefire/surefire-api/3.0.0-M5/surefire-api-3.0.0-M5.jar:/home/ratankadirikota/.m2/repository/org/apache/maven/surefire/surefire-logger-api/3.0.0-M5/surefire-logger-api-3.0.0-M5.jar:/home/ratankadirikota/.m2/repository/org/apache/maven/surefire/surefire-shared-utils/3.0.0-M4/surefire-shared-utils-3.0.0-M4.jar:/home/ratankadirikota/.m2/repository/org/apache/maven/surefire/surefire-extensions-spi/3.0.0-M5/surefire-extensions-spi-3.0.0-M5.jar:/home/ratankadirikota/code/UdaSecurity/Image/target/test-classes:/home/ratankadirikota/.m2/repository/junit/junit/4.11/junit-4.11.jar:/home/ratankadirikota/.m2/repository/org/hamcrest/hamcrest-core/1.3/hamcrest-core-1.3.jar:/home/ratankadirikota/.m2/repository/software/amazon/awssdk/annotations/2.15.0/annotations-2.15.0.jar:/home/ratankadirikota/.m2/repository/software/amazon/awssdk/utils/2.15.0/utils-2.15.0.jar:/home/ratankadirikota/.m2/repository/org/reactivestreams/reactive-streams/1.0.2/reactive-streams-1.0.2.jar:/home/ratankadirikota/.m2/repository/com/fasterxml/jackson/core/jackson-core/2.10.4/jackson-core-2.10.4.jar:/home/ratankadirikota/.m2/repository/com/fasterxml/jackson/core/jackson-annotations/2.10.4/jackson-annotations-2.10.4.jar:/home/ratankadirikota/.m2/repository/software/amazon/awssdk/profiles/2.15.0/profiles-2.15.0.jar:/home/ratankadirikota/.m2/repository/software/amazon/awssdk/http-client-spi/2.15.0/http-client-spi-2.15.0.jar:/home/ratankadirikota/.m2/repository/com/fasterxml/jackson/core/jackson-databind/2.10.4/jackson-databind-2.10.4.jar:/home/ratankadirikota/.m2/repository/software/amazon/eventstream/eventstream/1.0.1/eventstream-1.0.1.jar:/home/ratankadirikota/.m2/repository/software/amazon/awssdk/aws-json-protocol/2.15.0/aws-json-protocol-2.15.0.jar:/home/ratankadirikota/.m2/repository/software/amazon/awssdk/protocol-core/2.15.0/protocol-core-2.15.0.jar:/home/ratankadirikota/.m2/repository/software/amazon/awssdk/aws-core/2.15.0/aws-core-2.15.0.jar:/home/ratankadirikota/.m2/repository/software/amazon/awssdk/metrics-spi/2.15.0/metrics-spi-2.15.0.jar:/home/ratankadirikota/.m2/repository/software/amazon/awssdk/apache-client/2.15.0/apache-client-2.15.0.jar:/home/ratankadirikota/.m2/repository/org/apache/httpcomponents/httpclient/4.5.9/httpclient-4.5.9.jar:/home/ratankadirikota/.m2/repository/commons-logging/commons-logging/1.2/commons-logging-1.2.jar:/home/ratankadirikota/.m2/repository/commons-codec/commons-codec/1.11/commons-codec-1.11.jar:/home/ratankadirikota/.m2/repository/org/apache/httpcomponents/httpcore/4.4.11/httpcore-4.4.11.jar:/home/ratankadirikota/.m2/repository/software/amazon/awssdk/netty-nio-client/2.15.0/netty-nio-client-2.15.0.jar:/home/ratankadirikota/.m2/repository/io/netty/netty-codec-http/4.1.46.Final/netty-codec-http-4.1.46.Final.jar:/home/ratankadirikota/.m2/repository/io/netty/netty-codec-http2/4.1.46.Final/netty-codec-http2-4.1.46.Final.jar:/home/ratankadirikota/.m2/repository/io/netty/netty-codec/4.1.46.Final/netty-codec-4.1.46.Final.jar:/home/ratankadirikota/.m2/repository/io/netty/netty-transport/4.1.46.Final/netty-transport-4.1.46.Final.jar:/home/ratankadirikota/.m2/repository/io/netty/netty-resolver/4.1.46.Final/netty-resolver-4.1.46.Final.jar:/home/ratankadirikota/.m2/repository/io/netty/netty-common/4.1.46.Final/netty-common-4.1.46.Final.jar:/home/ratankadirikota/.m2/repository/io/netty/netty-buffer/4.1.46.Final/netty-buffer-4.1.46.Final.jar:/home/ratankadirikota/.m2/repository/io/netty/netty-handler/4.1.46.Final/netty-handler-4.1.46.Final.jar:/home/ratankadirikota/.m2/repository/io/netty/netty-transport-native-epoll/4.1.46.Final/netty-transport-native-epoll-4.1.46.Final-linux-x86_64.jar:/home/ratankadirikota/.m2/repository/io/netty/netty-transport-native-unix-common/4.1.46.Final/netty-transport-native-unix-common-4.1.46.Final.jar:/home/ratankadirikota/.m2/repository/com/typesafe/netty/netty-reactive-streams-http/2.0.4/netty-reactive-streams-http-2.0.4.jar:/home/ratankadirikota/.m2/repository/com/typesafe/netty/netty-reactive-streams/2.0.4/netty-reactive-streams-2.0.4.jar:/home/ratankadirikota/.m2/repository/org/apache/maven/surefire/surefire-junit4/3.0.0-M5/surefire-junit4-3.0.0-M5.jar:/home/ratankadirikota/.m2/repository/org/apache/maven/surefire/common-java5/3.0.0-M5/common-java5-3.0.0-M5.jar:/home/ratankadirikota/.m2/repository/org/apache/maven/surefire/common-junit3/3.0.0-M5/common-junit3-3.0.0-M5.jar:/home/ratankadirikota/.m2/repository/org/apache/maven/surefire/common-junit4/3.0.0-M5/common-junit4-3.0.0-M5.jar"/>
    <property name="sun.management.compiler" value="HotSpot 64-Bit Tiered Compilers"/>
    <property name="java.runtime.version" value="11.0.15+10-Ubuntu-0ubuntu0.20.04.1"/>
    <property name="user.name" value="ratankadirikota"/>
    <property name="path.separator" value=":"/>
    <property name="os.version" value="5.14.0-1038-oem"/>
    <property name="java.runtime.name" value="OpenJDK Runtime Environment"/>
    <property name="file.encoding" value="UTF-8"/>
    <property name="java.vm.name" value="OpenJDK 64-Bit Server VM"/>
    <property name="localRepository" value="/home/ratankadirikota/.m2/repository"/>
    <property name="java.vendor.url.bug" value="Unknown"/>
    <property name="java.io.tmpdir" value="/tmp"/>
    <property name="java.version" value="11.0.15"/>
    <property name="user.dir" value="/home/ratankadirikota/code/UdaSecurity/Image"/>
    <property name="os.arch" value="amd64"/>
    <property name="java.vm.specification.name" value="Java Virtual Machine Specification"/>
    <property name="java.awt.printerjob" value="sun.print.PSPrinterJob"/>
    <property name="sun.os.patch.level" value="unknown"/>
    <property name="java.library.path" value="/usr/java/packages/lib:/usr/lib/x86_64-linux-gnu/jni:/lib/x86_64-linux-gnu:/usr/lib/x86_64-linux-gnu:/usr/lib/jni:/lib:/usr/lib"/>
    <property name="java.vm.info" value="mixed mode"/>
    <property name="java.vendor" value="Private Build"/>
    <property name="java.vm.version" value="11.0.15+10-Ubuntu-0ubuntu0.20.04.1"/>
    <property name="sun.io.unicode.encoding" value="UnicodeLittle"/>
    <property name="java.class.version" value="55.0"/>
  </properties>
  <testcase name="shouldAnswerWithTrue" classname="com.udacity.image.AppTest" time="0.002"/>
</testsuite>